<?xml version="1.0" encoding="UTF-8"?>
<!-- Generated by org.testng.reporters.JUnitReportReporter -->
<testsuite skipped="0" hostname="AAPCLW10-1670" name="p1.MainMethod" tests="4" failures="0" timestamp="19 May 2019 02:04:57 GMT" time="41.976" errors="0">
  <testcase name="tc001" time="26.203" classname="p1.MainMethod"/>
  <testcase name="tc002" time="0.987" classname="p1.MainMethod"/>
  <testcase name="tc003" time="7.442" classname="p1.MainMethod"/>
  <testcase name="tc004" time="7.344" classname="p1.MainMethod"/>
</testsuite> <!-- p1.MainMethod -->
